<?xml version="1.0" encoding="UTF-8"?>
<testng-results ignored="0" total="3" passed="1" failed="2" skipped="0">
  <reporter-output>
  </reporter-output>
  <suite started-at="2022-01-10T21:13:51 IST" name="Default suite" finished-at="2022-01-10T21:15:54 IST" duration-ms="122964">
    <groups>
    </groups>
    <test started-at="2022-01-10T21:13:51 IST" name="Default test" finished-at="2022-01-10T21:15:54 IST" duration-ms="122964">
      <class name="mmtestcases.LoanApplyMM">
        <test-method is-config="true" signature="setup()[pri:0, instance:mmtestcases.LoanApplyMM@13fd2ccd]" started-at="2022-01-10T21:13:51 IST" name="setup" finished-at="2022-01-10T21:13:59 IST" duration-ms="8545" status="PASS">
          <reporter-output>
          </reporter-output>
        </test-method> <!-- setup -->
        <test-method signature="lApply(java.lang.String,java.lang.String,java.lang.String,java.lang.String,java.lang.String,java.lang.String,java.lang.String,java.lang.String,java.lang.String,java.lang.String,java.lang.String,java.lang.String,java.lang.String,java.lang.String,java.lang.String,java.lang.String,java.lang.String,java.lang.String,java.lang.String)[pri:0, instance:mmtestcases.LoanApplyMM@13fd2ccd]" started-at="2022-01-10T21:14:03 IST" name="lApply" data-provider="DummyData" finished-at="2022-01-10T21:15:53 IST" duration-ms="109971" status="PASS">
          <params>
            <param index="0">
              <value>
                <![CDATA[James]]>
              </value>
            </param>
            <param index="1">
              <value>
                <![CDATA[Bond]]>
              </value>
            </param>
            <param index="2">
              <value>
                <![CDATA[1999/02/01]]>
              </value>
            </param>
            <param index="3">
              <value>
                <![CDATA[291 344 315]]>
              </value>
            </param>
            <param index="4">
              <value>
                <![CDATA[613-555-0158]]>
              </value>
            </param>
            <param index="5">
              <value>
                <![CDATA[hazidautreye-2979@yopmail.com]]>
              </value>
            </param>
            <param index="6">
              <value>
                <![CDATA[B-80 D]]>
              </value>
            </param>
            <param index="7">
              <value>
                <![CDATA[Full Time Employed]]>
              </value>
            </param>
            <param index="8">
              <value>
                <![CDATA[BMW]]>
              </value>
            </param>
            <param index="9">
              <value>
                <![CDATA[8987766767]]>
              </value>
            </param>
            <param index="10">
              <value>
                <![CDATA[Same day every month]]>
              </value>
            </param>
            <param index="11">
              <value>
                <![CDATA[2022/01/01]]>
              </value>
            </param>
            <param index="12">
              <value>
                <![CDATA[2022/02/01]]>
              </value>
            </param>
            <param index="13">
              <value>
                <![CDATA[20000]]>
              </value>
            </param>
            <param index="14">
              <value>
                <![CDATA[18000]]>
              </value>
            </param>
            <param index="15">
              <value>
                <![CDATA[What was the name of your elementary/primary school?]]>
              </value>
            </param>
            <param index="16">
              <value>
                <![CDATA[NPS]]>
              </value>
            </param>
            <param index="17">
              <value>
                <![CDATA[Sample@5544]]>
              </value>
            </param>
            <param index="18">
              <value>
                <![CDATA[Sample@5544]]>
              </value>
            </param>
          </params>
          <reporter-output>
          </reporter-output>
        </test-method> <!-- lApply -->
        <test-method signature="lApply(java.lang.String,java.lang.String,java.lang.String,java.lang.String,java.lang.String,java.lang.String,java.lang.String,java.lang.String,java.lang.String,java.lang.String,java.lang.String,java.lang.String,java.lang.String,java.lang.String,java.lang.String,java.lang.String,java.lang.String,java.lang.String,java.lang.String)[pri:0, instance:mmtestcases.LoanApplyMM@13fd2ccd]" started-at="2022-01-10T21:15:53 IST" name="lApply" data-provider="DummyData" finished-at="2022-01-10T21:15:53 IST" duration-ms="78" status="FAIL">
          <params>
            <param index="0">
              <value>
                <![CDATA[Simeon]]>
              </value>
            </param>
            <param index="1">
              <value>
                <![CDATA[Puckett]]>
              </value>
            </param>
            <param index="2">
              <value>
                <![CDATA[2000/03/03]]>
              </value>
            </param>
            <param index="3">
              <value>
                <![CDATA[565 945 201]]>
              </value>
            </param>
            <param index="4">
              <value>
                <![CDATA[613-555-0139]]>
              </value>
            </param>
            <param index="5">
              <value>
                <![CDATA[zejamizoipi-1432@yopmail.com]]>
              </value>
            </param>
            <param index="6">
              <value>
                <![CDATA[C-80 Du]]>
              </value>
            </param>
            <param index="7">
              <value>
                <![CDATA[Full Time Employed]]>
              </value>
            </param>
            <param index="8">
              <value>
                <![CDATA[BMW]]>
              </value>
            </param>
            <param index="9">
              <value>
                <![CDATA[8987766767]]>
              </value>
            </param>
            <param index="10">
              <value>
                <![CDATA[Same day every month]]>
              </value>
            </param>
            <param index="11">
              <value>
                <![CDATA[2022/02/01]]>
              </value>
            </param>
            <param index="12">
              <value>
                <![CDATA[2022/02/01]]>
              </value>
            </param>
            <param index="13">
              <value>
                <![CDATA[20000]]>
              </value>
            </param>
            <param index="14">
              <value>
                <![CDATA[18000]]>
              </value>
            </param>
            <param index="15">
              <value>
                <![CDATA[What was the name of your elementary/primary school?]]>
              </value>
            </param>
            <param index="16">
              <value>
                <![CDATA[NPS]]>
              </value>
            </param>
            <param index="17">
              <value>
                <![CDATA[Sample@5544]]>
              </value>
            </param>
            <param index="18">
              <value>
                <![CDATA[Sample@5544]]>
              </value>
            </param>
          </params>
          <exception class="org.openqa.selenium.NoSuchElementException">
            <message>
              <![CDATA[no such element: Unable to locate element: {"method":"xpath","selector":"//div[@class='button__container']//div[@class='button-block toggleLoanApplyNow']//a"}
  (Session info: chrome=96.0.4664.110)
For documentation on this error, please visit: https://selenium.dev/exceptions/#no_such_element
Build info: version: '4.0.0', revision: '3a21814679'
System info: host: 'WIN-5CG7351Q7Y', ip: '192.168.166.214', os.name: 'Windows 10', os.arch: 'amd64', os.version: '10.0', java.version: '17.0.1'
Driver info: org.openqa.selenium.chrome.ChromeDriver
Command: [9435071cf6d77f88f44629237cd946ec, findElement {using=xpath, value=//div[@class='button__container']//div[@class='button-block toggleLoanApplyNow']//a}]
Capabilities {acceptInsecureCerts: false, browserName: chrome, browserVersion: 96.0.4664.110, chrome: {chromedriverVersion: 96.0.4664.45 (76e4c1bb2ab46..., userDataDir: C:\Users\1003060\AppData\Lo...}, goog:chromeOptions: {debuggerAddress: localhost:52290}, javascriptEnabled: true, networkConnectionEnabled: false, pageLoadStrategy: eager, platform: WINDOWS, platformName: WINDOWS, proxy: Proxy(), se:cdp: ws://localhost:52290/devtoo..., se:cdpVersion: 96.0.4664.110, setWindowRect: true, strictFileInteractability: false, timeouts: {implicit: 0, pageLoad: 300000, script: 30000}, unhandledPromptBehavior: dismiss and notify, webauthn:extension:credBlob: true, webauthn:extension:largeBlob: true, webauthn:virtualAuthenticators: true}
Session ID: 9435071cf6d77f88f44629237cd946ec]]>
            </message>
            <full-stacktrace>
              <![CDATA[org.openqa.selenium.NoSuchElementException: no such element: Unable to locate element: {"method":"xpath","selector":"//div[@class='button__container']//div[@class='button-block toggleLoanApplyNow']//a"}
  (Session info: chrome=96.0.4664.110)
For documentation on this error, please visit: https://selenium.dev/exceptions/#no_such_element
Build info: version: '4.0.0', revision: '3a21814679'
System info: host: 'WIN-5CG7351Q7Y', ip: '192.168.166.214', os.name: 'Windows 10', os.arch: 'amd64', os.version: '10.0', java.version: '17.0.1'
Driver info: org.openqa.selenium.chrome.ChromeDriver
Command: [9435071cf6d77f88f44629237cd946ec, findElement {using=xpath, value=//div[@class='button__container']//div[@class='button-block toggleLoanApplyNow']//a}]
Capabilities {acceptInsecureCerts: false, browserName: chrome, browserVersion: 96.0.4664.110, chrome: {chromedriverVersion: 96.0.4664.45 (76e4c1bb2ab46..., userDataDir: C:\Users\1003060\AppData\Lo...}, goog:chromeOptions: {debuggerAddress: localhost:52290}, javascriptEnabled: true, networkConnectionEnabled: false, pageLoadStrategy: eager, platform: WINDOWS, platformName: WINDOWS, proxy: Proxy(), se:cdp: ws://localhost:52290/devtoo..., se:cdpVersion: 96.0.4664.110, setWindowRect: true, strictFileInteractability: false, timeouts: {implicit: 0, pageLoad: 300000, script: 30000}, unhandledPromptBehavior: dismiss and notify, webauthn:extension:credBlob: true, webauthn:extension:largeBlob: true, webauthn:virtualAuthenticators: true}
Session ID: 9435071cf6d77f88f44629237cd946ec
at java.base/jdk.internal.reflect.NativeConstructorAccessorImpl.newInstance0(Native Method)
at java.base/jdk.internal.reflect.NativeConstructorAccessorImpl.newInstance(NativeConstructorAccessorImpl.java:77)
at java.base/jdk.internal.reflect.DelegatingConstructorAccessorImpl.newInstance(DelegatingConstructorAccessorImpl.java:45)
at java.base/java.lang.reflect.Constructor.newInstanceWithCaller(Constructor.java:499)
at java.base/java.lang.reflect.Constructor.newInstance(Constructor.java:480)
at org.openqa.selenium.remote.codec.w3c.W3CHttpResponseCodec.createException(W3CHttpResponseCodec.java:200)
at org.openqa.selenium.remote.codec.w3c.W3CHttpResponseCodec.decode(W3CHttpResponseCodec.java:133)
at org.openqa.selenium.remote.codec.w3c.W3CHttpResponseCodec.decode(W3CHttpResponseCodec.java:53)
at org.openqa.selenium.remote.HttpCommandExecutor.execute(HttpCommandExecutor.java:184)
at org.openqa.selenium.remote.service.DriverCommandExecutor.invokeExecute(DriverCommandExecutor.java:164)
at org.openqa.selenium.remote.service.DriverCommandExecutor.execute(DriverCommandExecutor.java:139)
at org.openqa.selenium.remote.RemoteWebDriver.execute(RemoteWebDriver.java:559)
at org.openqa.selenium.remote.ElementLocation$ElementFinder$2.findElement(ElementLocation.java:162)
at org.openqa.selenium.remote.ElementLocation.findElement(ElementLocation.java:60)
at org.openqa.selenium.remote.RemoteWebDriver.findElement(RemoteWebDriver.java:383)
at org.openqa.selenium.remote.RemoteWebDriver.findElement(RemoteWebDriver.java:375)
at org.openqa.selenium.support.pagefactory.DefaultElementLocator.findElement(DefaultElementLocator.java:70)
at org.openqa.selenium.support.pagefactory.internal.LocatingElementHandler.invoke(LocatingElementHandler.java:39)
at jdk.proxy2/jdk.proxy2.$Proxy19.click(Unknown Source)
at mmpages.MMHomePage.applyloan(MMHomePage.java:54)
at mmtestcases.LoanApplyMM.lApply(LoanApplyMM.java:81)
at java.base/jdk.internal.reflect.NativeMethodAccessorImpl.invoke0(Native Method)
at java.base/jdk.internal.reflect.NativeMethodAccessorImpl.invoke(NativeMethodAccessorImpl.java:77)
at java.base/jdk.internal.reflect.DelegatingMethodAccessorImpl.invoke(DelegatingMethodAccessorImpl.java:43)
at java.base/java.lang.reflect.Method.invoke(Method.java:568)
at org.testng.internal.MethodInvocationHelper.invokeMethod(MethodInvocationHelper.java:133)
at org.testng.internal.TestInvoker.invokeMethod(TestInvoker.java:598)
at org.testng.internal.TestInvoker.invokeTestMethod(TestInvoker.java:173)
at org.testng.internal.MethodRunner.runInSequence(MethodRunner.java:46)
at org.testng.internal.TestInvoker$MethodInvocationAgent.invoke(TestInvoker.java:824)
at org.testng.internal.TestInvoker.invokeTestMethods(TestInvoker.java:146)
at org.testng.internal.TestMethodWorker.invokeTestMethods(TestMethodWorker.java:146)
at org.testng.internal.TestMethodWorker.run(TestMethodWorker.java:128)
at java.base/java.util.ArrayList.forEach(ArrayList.java:1511)
at org.testng.TestRunner.privateRun(TestRunner.java:794)
at org.testng.TestRunner.run(TestRunner.java:596)
at org.testng.SuiteRunner.runTest(SuiteRunner.java:377)
at org.testng.SuiteRunner.runSequentially(SuiteRunner.java:371)
at org.testng.SuiteRunner.privateRun(SuiteRunner.java:332)
at org.testng.SuiteRunner.run(SuiteRunner.java:276)
at org.testng.SuiteRunnerWorker.runSuite(SuiteRunnerWorker.java:53)
at org.testng.SuiteRunnerWorker.run(SuiteRunnerWorker.java:96)
at org.testng.TestNG.runSuitesSequentially(TestNG.java:1212)
at org.testng.TestNG.runSuitesLocally(TestNG.java:1134)
at org.testng.TestNG.runSuites(TestNG.java:1063)
at org.testng.TestNG.run(TestNG.java:1031)
at org.testng.remote.AbstractRemoteTestNG.run(AbstractRemoteTestNG.java:115)
at org.testng.remote.RemoteTestNG.initAndRun(RemoteTestNG.java:251)
at org.testng.remote.RemoteTestNG.main(RemoteTestNG.java:77)
]]>
            </full-stacktrace>
          </exception> <!-- org.openqa.selenium.NoSuchElementException -->
          <reporter-output>
          </reporter-output>
        </test-method> <!-- lApply -->
        <test-method signature="lApply(java.lang.String,java.lang.String,java.lang.String,java.lang.String,java.lang.String,java.lang.String,java.lang.String,java.lang.String,java.lang.String,java.lang.String,java.lang.String,java.lang.String,java.lang.String,java.lang.String,java.lang.String,java.lang.String,java.lang.String,java.lang.String,java.lang.String)[pri:0, instance:mmtestcases.LoanApplyMM@13fd2ccd]" started-at="2022-01-10T21:15:53 IST" name="lApply" data-provider="DummyData" finished-at="2022-01-10T21:15:53 IST" duration-ms="40" status="FAIL">
          <params>
            <param index="0">
              <value>
                <![CDATA[KelisÂ ]]>
              </value>
            </param>
            <param index="1">
              <value>
                <![CDATA[Bond]]>
              </value>
            </param>
            <param index="2">
              <value>
                <![CDATA[1999/02/01]]>
              </value>
            </param>
            <param index="3">
              <value>
                <![CDATA[129 533 931]]>
              </value>
            </param>
            <param index="4">
              <value>
                <![CDATA[613-555-0133]]>
              </value>
            </param>
            <param index="5">
              <value>
                <![CDATA[vojusoroiheu-4936@yopmail.com]]>
              </value>
            </param>
            <param index="6">
              <value>
                <![CDATA[B-80 D]]>
              </value>
            </param>
            <param index="7">
              <value>
                <![CDATA[Full Time Employed]]>
              </value>
            </param>
            <param index="8">
              <value>
                <![CDATA[BMW]]>
              </value>
            </param>
            <param index="9">
              <value>
                <![CDATA[8987766767]]>
              </value>
            </param>
            <param index="10">
              <value>
                <![CDATA[Same day every month]]>
              </value>
            </param>
            <param index="11">
              <value>
                <![CDATA[2022/01/01]]>
              </value>
            </param>
            <param index="12">
              <value>
                <![CDATA[2022/02/01]]>
              </value>
            </param>
            <param index="13">
              <value>
                <![CDATA[20000]]>
              </value>
            </param>
            <param index="14">
              <value>
                <![CDATA[18000]]>
              </value>
            </param>
            <param index="15">
              <value>
                <![CDATA[What was the name of your elementary/primary school?]]>
              </value>
            </param>
            <param index="16">
              <value>
                <![CDATA[NPS]]>
              </value>
            </param>
            <param index="17">
              <value>
                <![CDATA[Sample@5544]]>
              </value>
            </param>
            <param index="18">
              <value>
                <![CDATA[Sample@5544]]>
              </value>
            </param>
          </params>
          <exception class="org.openqa.selenium.NoSuchElementException">
            <message>
              <![CDATA[no such element: Unable to locate element: {"method":"xpath","selector":"//div[@class='button__container']//div[@class='button-block toggleLoanApplyNow']//a"}
  (Session info: chrome=96.0.4664.110)
For documentation on this error, please visit: https://selenium.dev/exceptions/#no_such_element
Build info: version: '4.0.0', revision: '3a21814679'
System info: host: 'WIN-5CG7351Q7Y', ip: '192.168.166.214', os.name: 'Windows 10', os.arch: 'amd64', os.version: '10.0', java.version: '17.0.1'
Driver info: org.openqa.selenium.chrome.ChromeDriver
Command: [9435071cf6d77f88f44629237cd946ec, findElement {using=xpath, value=//div[@class='button__container']//div[@class='button-block toggleLoanApplyNow']//a}]
Capabilities {acceptInsecureCerts: false, browserName: chrome, browserVersion: 96.0.4664.110, chrome: {chromedriverVersion: 96.0.4664.45 (76e4c1bb2ab46..., userDataDir: C:\Users\1003060\AppData\Lo...}, goog:chromeOptions: {debuggerAddress: localhost:52290}, javascriptEnabled: true, networkConnectionEnabled: false, pageLoadStrategy: eager, platform: WINDOWS, platformName: WINDOWS, proxy: Proxy(), se:cdp: ws://localhost:52290/devtoo..., se:cdpVersion: 96.0.4664.110, setWindowRect: true, strictFileInteractability: false, timeouts: {implicit: 0, pageLoad: 300000, script: 30000}, unhandledPromptBehavior: dismiss and notify, webauthn:extension:credBlob: true, webauthn:extension:largeBlob: true, webauthn:virtualAuthenticators: true}
Session ID: 9435071cf6d77f88f44629237cd946ec]]>
            </message>
            <full-stacktrace>
              <![CDATA[org.openqa.selenium.NoSuchElementException: no such element: Unable to locate element: {"method":"xpath","selector":"//div[@class='button__container']//div[@class='button-block toggleLoanApplyNow']//a"}
  (Session info: chrome=96.0.4664.110)
For documentation on this error, please visit: https://selenium.dev/exceptions/#no_such_element
Build info: version: '4.0.0', revision: '3a21814679'
System info: host: 'WIN-5CG7351Q7Y', ip: '192.168.166.214', os.name: 'Windows 10', os.arch: 'amd64', os.version: '10.0', java.version: '17.0.1'
Driver info: org.openqa.selenium.chrome.ChromeDriver
Command: [9435071cf6d77f88f44629237cd946ec, findElement {using=xpath, value=//div[@class='button__container']//div[@class='button-block toggleLoanApplyNow']//a}]
Capabilities {acceptInsecureCerts: false, browserName: chrome, browserVersion: 96.0.4664.110, chrome: {chromedriverVersion: 96.0.4664.45 (76e4c1bb2ab46..., userDataDir: C:\Users\1003060\AppData\Lo...}, goog:chromeOptions: {debuggerAddress: localhost:52290}, javascriptEnabled: true, networkConnectionEnabled: false, pageLoadStrategy: eager, platform: WINDOWS, platformName: WINDOWS, proxy: Proxy(), se:cdp: ws://localhost:52290/devtoo..., se:cdpVersion: 96.0.4664.110, setWindowRect: true, strictFileInteractability: false, timeouts: {implicit: 0, pageLoad: 300000, script: 30000}, unhandledPromptBehavior: dismiss and notify, webauthn:extension:credBlob: true, webauthn:extension:largeBlob: true, webauthn:virtualAuthenticators: true}
Session ID: 9435071cf6d77f88f44629237cd946ec
at java.base/jdk.internal.reflect.NativeConstructorAccessorImpl.newInstance0(Native Method)
at java.base/jdk.internal.reflect.NativeConstructorAccessorImpl.newInstance(NativeConstructorAccessorImpl.java:77)
at java.base/jdk.internal.reflect.DelegatingConstructorAccessorImpl.newInstance(DelegatingConstructorAccessorImpl.java:45)
at java.base/java.lang.reflect.Constructor.newInstanceWithCaller(Constructor.java:499)
at java.base/java.lang.reflect.Constructor.newInstance(Constructor.java:480)
at org.openqa.selenium.remote.codec.w3c.W3CHttpResponseCodec.createException(W3CHttpResponseCodec.java:200)
at org.openqa.selenium.remote.codec.w3c.W3CHttpResponseCodec.decode(W3CHttpResponseCodec.java:133)
at org.openqa.selenium.remote.codec.w3c.W3CHttpResponseCodec.decode(W3CHttpResponseCodec.java:53)
at org.openqa.selenium.remote.HttpCommandExecutor.execute(HttpCommandExecutor.java:184)
at org.openqa.selenium.remote.service.DriverCommandExecutor.invokeExecute(DriverCommandExecutor.java:164)
at org.openqa.selenium.remote.service.DriverCommandExecutor.execute(DriverCommandExecutor.java:139)
at org.openqa.selenium.remote.RemoteWebDriver.execute(RemoteWebDriver.java:559)
at org.openqa.selenium.remote.ElementLocation$ElementFinder$2.findElement(ElementLocation.java:162)
at org.openqa.selenium.remote.ElementLocation.findElement(ElementLocation.java:60)
at org.openqa.selenium.remote.RemoteWebDriver.findElement(RemoteWebDriver.java:383)
at org.openqa.selenium.remote.RemoteWebDriver.findElement(RemoteWebDriver.java:375)
at org.openqa.selenium.support.pagefactory.DefaultElementLocator.findElement(DefaultElementLocator.java:70)
at org.openqa.selenium.support.pagefactory.internal.LocatingElementHandler.invoke(LocatingElementHandler.java:39)
at jdk.proxy2/jdk.proxy2.$Proxy19.click(Unknown Source)
at mmpages.MMHomePage.applyloan(MMHomePage.java:54)
at mmtestcases.LoanApplyMM.lApply(LoanApplyMM.java:81)
at java.base/jdk.internal.reflect.NativeMethodAccessorImpl.invoke0(Native Method)
at java.base/jdk.internal.reflect.NativeMethodAccessorImpl.invoke(NativeMethodAccessorImpl.java:77)
at java.base/jdk.internal.reflect.DelegatingMethodAccessorImpl.invoke(DelegatingMethodAccessorImpl.java:43)
at java.base/java.lang.reflect.Method.invoke(Method.java:568)
at org.testng.internal.MethodInvocationHelper.invokeMethod(MethodInvocationHelper.java:133)
at org.testng.internal.TestInvoker.invokeMethod(TestInvoker.java:598)
at org.testng.internal.TestInvoker.invokeTestMethod(TestInvoker.java:173)
at org.testng.internal.MethodRunner.runInSequence(MethodRunner.java:46)
at org.testng.internal.TestInvoker$MethodInvocationAgent.invoke(TestInvoker.java:824)
at org.testng.internal.TestInvoker.invokeTestMethods(TestInvoker.java:146)
at org.testng.internal.TestMethodWorker.invokeTestMethods(TestMethodWorker.java:146)
at org.testng.internal.TestMethodWorker.run(TestMethodWorker.java:128)
at java.base/java.util.ArrayList.forEach(ArrayList.java:1511)
at org.testng.TestRunner.privateRun(TestRunner.java:794)
at org.testng.TestRunner.run(TestRunner.java:596)
at org.testng.SuiteRunner.runTest(SuiteRunner.java:377)
at org.testng.SuiteRunner.runSequentially(SuiteRunner.java:371)
at org.testng.SuiteRunner.privateRun(SuiteRunner.java:332)
at org.testng.SuiteRunner.run(SuiteRunner.java:276)
at org.testng.SuiteRunnerWorker.runSuite(SuiteRunnerWorker.java:53)
at org.testng.SuiteRunnerWorker.run(SuiteRunnerWorker.java:96)
at org.testng.TestNG.runSuitesSequentially(TestNG.java:1212)
at org.testng.TestNG.runSuitesLocally(TestNG.java:1134)
at org.testng.TestNG.runSuites(TestNG.java:1063)
at org.testng.TestNG.run(TestNG.java:1031)
at org.testng.remote.AbstractRemoteTestNG.run(AbstractRemoteTestNG.java:115)
at org.testng.remote.RemoteTestNG.initAndRun(RemoteTestNG.java:251)
at org.testng.remote.RemoteTestNG.main(RemoteTestNG.java:77)
]]>
            </full-stacktrace>
          </exception> <!-- org.openqa.selenium.NoSuchElementException -->
          <reporter-output>
          </reporter-output>
        </test-method> <!-- lApply -->
        <test-method is-config="true" signature="tearDown()[pri:0, instance:mmtestcases.LoanApplyMM@13fd2ccd]" started-at="2022-01-10T21:15:53 IST" name="tearDown" finished-at="2022-01-10T21:15:54 IST" duration-ms="358" status="PASS">
          <reporter-output>
          </reporter-output>
        </test-method> <!-- tearDown -->
      </class> <!-- mmtestcases.LoanApplyMM -->
    </test> <!-- Default test -->
  </suite> <!-- Default suite -->
</testng-results>
